<?xml version="1.0" encoding="UTF-8"?>
<coverage generated="1612173584271" clover="3.2.0">
	<project timestamp="1612173584271"  name="All Files" >
		<metrics statements="6"  coveredstatements="6"  conditionals="2"  coveredconditionals="1"  methods="2"  coveredmethods="2"  elements="10"  coveredelements="9"  complexity="0"  packages="1"  files="1"  classes="1"  loc="10"  ncloc="10" />
		<package name="hello-nodejs-testing" >
			<metrics statements="6"  coveredstatements="6"  conditionals="2"  coveredconditionals="1"  methods="2"  coveredmethods="2" />
			<file name="index.js"  path="/home/viewadmin/hello-nodejs-testing/index.js" >
				<metrics statements="6"  coveredstatements="6"  conditionals="2"  coveredconditionals="1"  methods="2"  coveredmethods="2" />
				<line num="1"  count="1"  type="stmt" />
				<line num="3"  count="1"  type="stmt" />
				<line num="4"  count="1"  type="stmt" />
				<line num="5"  count="1"  type="cond"  truecount="1"  falsecount="1" />
				<line num="6"  count="1"  type="stmt" />
				<line num="10"  count="1"  type="stmt" />
			</file>
		</package>
	</project>
</coverage>
